{"/workspaces/frontend-project-46/src/comparing.js": {"path":"/workspaces/frontend-project-46/src/comparing.js","all":false,"statementMap":{"0":{"start":{"line":1,"column":0},"end":{"line":1,"column":23}},"1":{"start":{"line":2,"column":0},"end":{"line":2,"column":0}},"2":{"start":{"line":3,"column":0},"end":{"line":3,"column":33}},"3":{"start":{"line":4,"column":0},"end":{"line":4,"column":34}},"4":{"start":{"line":5,"column":0},"end":{"line":5,"column":34}},"5":{"start":{"line":6,"column":0},"end":{"line":6,"column":42}},"6":{"start":{"line":7,"column":0},"end":{"line":7,"column":41}},"7":{"start":{"line":8,"column":0},"end":{"line":8,"column":20}},"8":{"start":{"line":9,"column":0},"end":{"line":9,"column":2}},"9":{"start":{"line":10,"column":0},"end":{"line":10,"column":37}},"10":{"start":{"line":11,"column":0},"end":{"line":11,"column":37}},"11":{"start":{"line":12,"column":0},"end":{"line":12,"column":41}},"12":{"start":{"line":13,"column":0},"end":{"line":13,"column":30}},"13":{"start":{"line":14,"column":0},"end":{"line":14,"column":30}},"14":{"start":{"line":15,"column":0},"end":{"line":15,"column":0}},"15":{"start":{"line":16,"column":0},"end":{"line":16,"column":44}},"16":{"start":{"line":17,"column":0},"end":{"line":17,"column":53}},"17":{"start":{"line":18,"column":0},"end":{"line":18,"column":5}},"18":{"start":{"line":19,"column":0},"end":{"line":19,"column":49}},"19":{"start":{"line":20,"column":0},"end":{"line":20,"column":88}},"20":{"start":{"line":21,"column":0},"end":{"line":21,"column":5}},"21":{"start":{"line":22,"column":0},"end":{"line":22,"column":50}},"22":{"start":{"line":23,"column":0},"end":{"line":23,"column":49}},"23":{"start":{"line":24,"column":0},"end":{"line":24,"column":5}},"24":{"start":{"line":25,"column":0},"end":{"line":25,"column":47}},"25":{"start":{"line":26,"column":0},"end":{"line":26,"column":5}},"26":{"start":{"line":27,"column":0},"end":{"line":27,"column":0}},"27":{"start":{"line":28,"column":0},"end":{"line":28,"column":29}},"28":{"start":{"line":29,"column":0},"end":{"line":29,"column":2}},"29":{"start":{"line":30,"column":0},"end":{"line":30,"column":0}},"30":{"start":{"line":31,"column":0},"end":{"line":31,"column":25}}},"s":{"0":1,"1":1,"2":1,"3":1,"4":1,"5":1,"6":1,"7":1,"8":1,"9":1,"10":1,"11":1,"12":8,"13":8,"14":8,"15":8,"16":1,"17":1,"18":8,"19":1,"20":1,"21":8,"22":3,"23":3,"24":3,"25":1,"26":1,"27":1,"28":1,"29":1,"30":1},"branchMap":{"0":{"type":"branch","line":3,"loc":{"start":{"line":3,"column":16},"end":{"line":9,"column":2}},"locations":[{"start":{"line":3,"column":16},"end":{"line":9,"column":2}}]},"1":{"type":"branch","line":10,"loc":{"start":{"line":10,"column":18},"end":{"line":29,"column":2}},"locations":[{"start":{"line":10,"column":18},"end":{"line":29,"column":2}}]},"2":{"type":"branch","line":12,"loc":{"start":{"line":12,"column":32},"end":{"line":26,"column":3}},"locations":[{"start":{"line":12,"column":32},"end":{"line":26,"column":3}}]},"3":{"type":"branch","line":16,"loc":{"start":{"line":16,"column":43},"end":{"line":18,"column":5}},"locations":[{"start":{"line":16,"column":43},"end":{"line":18,"column":5}}]},"4":{"type":"branch","line":18,"loc":{"start":{"line":18,"column":4},"end":{"line":19,"column":29}},"locations":[{"start":{"line":18,"column":4},"end":{"line":19,"column":29}}]},"5":{"type":"branch","line":19,"loc":{"start":{"line":19,"column":25},"end":{"line":19,"column":46}},"locations":[{"start":{"line":19,"column":25},"end":{"line":19,"column":46}}]},"6":{"type":"branch","line":19,"loc":{"start":{"line":19,"column":48},"end":{"line":21,"column":5}},"locations":[{"start":{"line":19,"column":48},"end":{"line":21,"column":5}}]},"7":{"type":"branch","line":21,"loc":{"start":{"line":21,"column":4},"end":{"line":22,"column":29}},"locations":[{"start":{"line":21,"column":4},"end":{"line":22,"column":29}}]},"8":{"type":"branch","line":22,"loc":{"start":{"line":22,"column":25},"end":{"line":22,"column":47}},"locations":[{"start":{"line":22,"column":25},"end":{"line":22,"column":47}}]},"9":{"type":"branch","line":22,"loc":{"start":{"line":22,"column":49},"end":{"line":26,"column":3}},"locations":[{"start":{"line":22,"column":49},"end":{"line":26,"column":3}}]}},"b":{"0":[1],"1":[1],"2":[8],"3":[1],"4":[7],"5":[4],"6":[1],"7":[6],"8":[3],"9":[3]},"fnMap":{"0":{"name":"getKeys","decl":{"start":{"line":3,"column":16},"end":{"line":9,"column":2}},"loc":{"start":{"line":3,"column":16},"end":{"line":9,"column":2}},"line":3},"1":{"name":"comparing","decl":{"start":{"line":10,"column":18},"end":{"line":29,"column":2}},"loc":{"start":{"line":10,"column":18},"end":{"line":29,"column":2}},"line":10}},"f":{"0":1,"1":1}}
,"/workspaces/frontend-project-46/src/index.js": {"path":"/workspaces/frontend-project-46/src/index.js","all":false,"statementMap":{"0":{"start":{"line":1,"column":0},"end":{"line":1,"column":34}},"1":{"start":{"line":2,"column":0},"end":{"line":2,"column":24}},"2":{"start":{"line":3,"column":0},"end":{"line":3,"column":30}},"3":{"start":{"line":4,"column":0},"end":{"line":4,"column":39}},"4":{"start":{"line":5,"column":0},"end":{"line":5,"column":0}},"5":{"start":{"line":6,"column":0},"end":{"line":6,"column":72}},"6":{"start":{"line":7,"column":0},"end":{"line":7,"column":76}},"7":{"start":{"line":8,"column":0},"end":{"line":8,"column":63}},"8":{"start":{"line":9,"column":0},"end":{"line":9,"column":0}},"9":{"start":{"line":10,"column":0},"end":{"line":10,"column":28}},"10":{"start":{"line":11,"column":0},"end":{"line":11,"column":36}},"11":{"start":{"line":12,"column":0},"end":{"line":12,"column":34}},"12":{"start":{"line":13,"column":0},"end":{"line":13,"column":44}},"13":{"start":{"line":14,"column":0},"end":{"line":14,"column":5}},"14":{"start":{"line":15,"column":0},"end":{"line":15,"column":55}},"15":{"start":{"line":16,"column":0},"end":{"line":16,"column":5}},"16":{"start":{"line":17,"column":0},"end":{"line":17,"column":33}},"17":{"start":{"line":18,"column":0},"end":{"line":18,"column":14}},"18":{"start":{"line":19,"column":0},"end":{"line":19,"column":2}},"19":{"start":{"line":20,"column":0},"end":{"line":20,"column":0}},"20":{"start":{"line":21,"column":0},"end":{"line":21,"column":63}},"21":{"start":{"line":22,"column":0},"end":{"line":22,"column":37}},"22":{"start":{"line":23,"column":0},"end":{"line":23,"column":37}},"23":{"start":{"line":24,"column":0},"end":{"line":24,"column":52}},"24":{"start":{"line":25,"column":0},"end":{"line":25,"column":16}},"25":{"start":{"line":26,"column":0},"end":{"line":26,"column":2}},"26":{"start":{"line":27,"column":0},"end":{"line":27,"column":0}},"27":{"start":{"line":28,"column":0},"end":{"line":28,"column":23}}},"s":{"0":1,"1":1,"2":1,"3":1,"4":1,"5":1,"6":1,"7":1,"8":1,"9":1,"10":1,"11":9,"12":1,"13":1,"14":8,"15":1,"16":1,"17":1,"18":1,"19":1,"20":1,"21":1,"22":1,"23":1,"24":1,"25":1,"26":1,"27":1},"branchMap":{"0":{"type":"branch","line":6,"loc":{"start":{"line":6,"column":21},"end":{"line":6,"column":71}},"locations":[{"start":{"line":6,"column":21},"end":{"line":6,"column":71}}]},"1":{"type":"branch","line":7,"loc":{"start":{"line":7,"column":18},"end":{"line":7,"column":75}},"locations":[{"start":{"line":7,"column":18},"end":{"line":7,"column":75}}]},"2":{"type":"branch","line":8,"loc":{"start":{"line":8,"column":19},"end":{"line":8,"column":62}},"locations":[{"start":{"line":8,"column":19},"end":{"line":8,"column":62}}]},"3":{"type":"branch","line":10,"loc":{"start":{"line":10,"column":19},"end":{"line":19,"column":2}},"locations":[{"start":{"line":10,"column":19},"end":{"line":19,"column":2}}]},"4":{"type":"branch","line":11,"loc":{"start":{"line":11,"column":26},"end":{"line":16,"column":3}},"locations":[{"start":{"line":11,"column":26},"end":{"line":16,"column":3}}]},"5":{"type":"branch","line":12,"loc":{"start":{"line":12,"column":33},"end":{"line":14,"column":5}},"locations":[{"start":{"line":12,"column":33},"end":{"line":14,"column":5}}]},"6":{"type":"branch","line":14,"loc":{"start":{"line":14,"column":4},"end":{"line":16,"column":3}},"locations":[{"start":{"line":14,"column":4},"end":{"line":16,"column":3}}]},"7":{"type":"branch","line":21,"loc":{"start":{"line":21,"column":16},"end":{"line":26,"column":2}},"locations":[{"start":{"line":21,"column":16},"end":{"line":26,"column":2}}]}},"b":{"0":[2],"1":[2],"2":[2],"3":[1],"4":[9],"5":[1],"6":[8],"7":[1]},"fnMap":{"0":{"name":"getFilePath","decl":{"start":{"line":6,"column":21},"end":{"line":6,"column":71}},"loc":{"start":{"line":6,"column":21},"end":{"line":6,"column":71}},"line":6},"1":{"name":"readFile","decl":{"start":{"line":7,"column":18},"end":{"line":7,"column":75}},"loc":{"start":{"line":7,"column":18},"end":{"line":7,"column":75}},"line":7},"2":{"name":"parseFile","decl":{"start":{"line":8,"column":19},"end":{"line":8,"column":62}},"loc":{"start":{"line":8,"column":19},"end":{"line":8,"column":62}},"line":8},"3":{"name":"getString","decl":{"start":{"line":10,"column":19},"end":{"line":19,"column":2}},"loc":{"start":{"line":10,"column":19},"end":{"line":19,"column":2}},"line":10},"4":{"name":"genDiff","decl":{"start":{"line":21,"column":16},"end":{"line":26,"column":2}},"loc":{"start":{"line":21,"column":16},"end":{"line":26,"column":2}},"line":21}},"f":{"0":2,"1":2,"2":2,"3":1,"4":1}}
}
