TN:
SF:src/comparing.js
FN:3,getKeys
FN:10,comparing
FNF:2
FNH:2
FNDA:1,getKeys
FNDA:1,comparing
DA:1,1
DA:2,1
DA:3,1
DA:4,1
DA:5,1
DA:6,1
DA:7,1
DA:8,1
DA:9,1
DA:10,1
DA:11,1
DA:12,1
DA:13,8
DA:14,8
DA:15,8
DA:16,8
DA:17,1
DA:18,1
DA:19,8
DA:20,1
DA:21,1
DA:22,8
DA:23,3
DA:24,3
DA:25,3
DA:26,1
DA:27,1
DA:28,1
DA:29,1
DA:30,1
DA:31,1
LF:31
LH:31
BRDA:3,0,0,1
BRDA:10,1,0,1
BRDA:12,2,0,8
BRDA:16,3,0,1
BRDA:18,4,0,7
BRDA:19,5,0,4
BRDA:19,6,0,1
BRDA:21,7,0,6
BRDA:22,8,0,3
BRDA:22,9,0,3
BRF:10
BRH:10
end_of_record
TN:
SF:src/index.js
FN:6,getFilePath
FN:7,readFile
FN:8,parseFile
FN:10,getString
FN:21,genDiff
FNF:5
FNH:5
FNDA:2,getFilePath
FNDA:2,readFile
FNDA:2,parseFile
FNDA:1,getString
FNDA:1,genDiff
DA:1,1
DA:2,1
DA:3,1
DA:4,1
DA:5,1
DA:6,1
DA:7,1
DA:8,1
DA:9,1
DA:10,1
DA:11,1
DA:12,9
DA:13,1
DA:14,1
DA:15,8
DA:16,1
DA:17,1
DA:18,1
DA:19,1
DA:20,1
DA:21,1
DA:22,1
DA:23,1
DA:24,1
DA:25,1
DA:26,1
DA:27,1
DA:28,1
LF:28
LH:28
BRDA:6,0,0,2
BRDA:7,1,0,2
BRDA:8,2,0,2
BRDA:10,3,0,1
BRDA:11,4,0,9
BRDA:12,5,0,1
BRDA:14,6,0,8
BRDA:21,7,0,1
BRF:8
BRH:8
end_of_record
